2024-07-10 14:57:33.582 [info] Log level: Info
2024-07-10 14:57:33.582 [info] Validating found git in: "git"
2024-07-10 14:57:33.600 [info] Using git "2.45.2" from "git"
2024-07-10 14:57:33.614 [info] > git rev-parse --show-toplevel [2ms]
2024-07-10 14:57:33.614 [info] fatal: not a git repository (or any parent up to mount point /)
Stopping at filesystem boundary (GIT_DISCOVERY_ACROSS_FILESYSTEM not set).
2024-07-10 14:57:33.620 [info] > git rev-parse --show-toplevel [1ms]
2024-07-10 14:57:33.620 [info] fatal: not a git repository (or any parent up to mount point /)
Stopping at filesystem boundary (GIT_DISCOVERY_ACROSS_FILESYSTEM not set).
2024-07-10 14:57:33.625 [info] > git rev-parse --show-toplevel [2ms]
2024-07-10 14:57:33.625 [info] fatal: not a git repository (or any parent up to mount point /)
Stopping at filesystem boundary (GIT_DISCOVERY_ACROSS_FILESYSTEM not set).
2024-07-10 14:57:33.630 [info] > git rev-parse --show-toplevel [2ms]
2024-07-10 14:57:33.630 [info] fatal: not a git repository (or any parent up to mount point /)
Stopping at filesystem boundary (GIT_DISCOVERY_ACROSS_FILESYSTEM not set).
2024-07-10 14:57:33.634 [info] > git rev-parse --show-toplevel [1ms]
2024-07-10 14:57:33.634 [info] fatal: not a git repository (or any parent up to mount point /)
Stopping at filesystem boundary (GIT_DISCOVERY_ACROSS_FILESYSTEM not set).
2024-07-10 14:57:33.641 [info] > git rev-parse --show-toplevel [3ms]
2024-07-10 14:57:33.641 [info] fatal: not a git repository (or any parent up to mount point /)
Stopping at filesystem boundary (GIT_DISCOVERY_ACROSS_FILESYSTEM not set).
2024-07-10 14:57:33.691 [info] > git rev-parse --show-toplevel [1ms]
2024-07-10 14:57:33.691 [info] fatal: not a git repository (or any parent up to mount point /)
Stopping at filesystem boundary (GIT_DISCOVERY_ACROSS_FILESYSTEM not set).
2024-07-10 14:57:35.553 [info] > git rev-parse --show-toplevel [1ms]
2024-07-10 14:57:35.553 [info] fatal: not a git repository (or any parent up to mount point /)
Stopping at filesystem boundary (GIT_DISCOVERY_ACROSS_FILESYSTEM not set).
2024-07-10 14:57:55.618 [info] > git rev-parse --show-toplevel [1ms]
2024-07-10 14:57:55.618 [info] fatal: not a git repository (or any parent up to mount point /)
Stopping at filesystem boundary (GIT_DISCOVERY_ACROSS_FILESYSTEM not set).
2024-07-10 14:58:03.515 [info] > git rev-parse --show-toplevel [1ms]
2024-07-10 14:58:03.515 [info] fatal: not a git repository (or any parent up to mount point /)
Stopping at filesystem boundary (GIT_DISCOVERY_ACROSS_FILESYSTEM not set).
2024-07-10 14:58:07.145 [info] > git rev-parse --show-toplevel [1ms]
2024-07-10 14:58:07.145 [info] fatal: not a git repository (or any parent up to mount point /)
Stopping at filesystem boundary (GIT_DISCOVERY_ACROSS_FILESYSTEM not set).
2024-07-10 15:02:13.708 [info] > git rev-parse --show-toplevel [1ms]
2024-07-10 15:02:13.708 [info] fatal: not a git repository (or any parent up to mount point /)
Stopping at filesystem boundary (GIT_DISCOVERY_ACROSS_FILESYSTEM not set).
2024-07-10 15:02:54.239 [info] > git rev-parse --show-toplevel [1ms]
2024-07-10 15:02:54.239 [info] fatal: not a git repository (or any parent up to mount point /)
Stopping at filesystem boundary (GIT_DISCOVERY_ACROSS_FILESYSTEM not set).
2024-07-10 15:10:48.193 [info] > git rev-parse --show-toplevel [1ms]
2024-07-10 15:10:48.193 [info] fatal: not a git repository (or any parent up to mount point /)
Stopping at filesystem boundary (GIT_DISCOVERY_ACROSS_FILESYSTEM not set).
2024-07-10 15:11:14.637 [info] > git rev-parse --show-toplevel [1ms]
2024-07-10 15:11:14.637 [info] fatal: not a git repository (or any parent up to mount point /)
Stopping at filesystem boundary (GIT_DISCOVERY_ACROSS_FILESYSTEM not set).
2024-07-10 15:11:15.031 [info] > git rev-parse --show-toplevel [1ms]
2024-07-10 15:11:15.031 [info] fatal: not a git repository (or any parent up to mount point /)
Stopping at filesystem boundary (GIT_DISCOVERY_ACROSS_FILESYSTEM not set).
2024-07-10 15:11:17.166 [info] > git rev-parse --show-toplevel [1ms]
2024-07-10 15:11:17.166 [info] fatal: not a git repository (or any parent up to mount point /)
Stopping at filesystem boundary (GIT_DISCOVERY_ACROSS_FILESYSTEM not set).
2024-07-10 15:11:17.736 [info] > git rev-parse --show-toplevel [1ms]
2024-07-10 15:11:17.736 [info] fatal: not a git repository (or any parent up to mount point /)
Stopping at filesystem boundary (GIT_DISCOVERY_ACROSS_FILESYSTEM not set).
2024-07-10 15:12:39.513 [info] > git rev-parse --show-toplevel [1ms]
2024-07-10 15:12:39.513 [info] fatal: not a git repository (or any parent up to mount point /)
Stopping at filesystem boundary (GIT_DISCOVERY_ACROSS_FILESYSTEM not set).
2024-07-10 15:12:40.779 [info] > git rev-parse --show-toplevel [1ms]
2024-07-10 15:12:40.779 [info] fatal: not a git repository (or any parent up to mount point /)
Stopping at filesystem boundary (GIT_DISCOVERY_ACROSS_FILESYSTEM not set).
2024-07-10 15:12:44.308 [info] > git rev-parse --show-toplevel [1ms]
2024-07-10 15:12:44.308 [info] fatal: not a git repository (or any parent up to mount point /)
Stopping at filesystem boundary (GIT_DISCOVERY_ACROSS_FILESYSTEM not set).
