2024-07-10 15:15:34.953 [info] Log level: Info
2024-07-10 15:15:34.953 [info] Validating found git in: "git"
2024-07-10 15:15:34.953 [info] Using git "2.45.2" from "git"
2024-07-10 15:15:34.953 [info] > git rev-parse --show-toplevel [4ms]
2024-07-10 15:15:34.953 [info] fatal: not a git repository (or any parent up to mount point /)
Stopping at filesystem boundary (GIT_DISCOVERY_ACROSS_FILESYSTEM not set).
2024-07-10 15:15:34.953 [info] > git rev-parse --show-toplevel [2ms]
2024-07-10 15:15:34.953 [info] fatal: not a git repository (or any parent up to mount point /)
Stopping at filesystem boundary (GIT_DISCOVERY_ACROSS_FILESYSTEM not set).
2024-07-10 15:15:34.953 [info] > git rev-parse --show-toplevel [14ms]
2024-07-10 15:15:34.953 [info] fatal: not a git repository (or any parent up to mount point /)
Stopping at filesystem boundary (GIT_DISCOVERY_ACROSS_FILESYSTEM not set).
2024-07-10 15:15:34.957 [info] > git rev-parse --show-toplevel [1ms]
2024-07-10 15:15:34.957 [info] fatal: not a git repository (or any parent up to mount point /)
Stopping at filesystem boundary (GIT_DISCOVERY_ACROSS_FILESYSTEM not set).
2024-07-10 15:15:34.961 [info] > git rev-parse --show-toplevel [1ms]
2024-07-10 15:15:34.961 [info] fatal: not a git repository (or any parent up to mount point /)
Stopping at filesystem boundary (GIT_DISCOVERY_ACROSS_FILESYSTEM not set).
2024-07-10 15:15:34.966 [info] > git rev-parse --show-toplevel [1ms]
2024-07-10 15:15:34.966 [info] fatal: not a git repository (or any parent up to mount point /)
Stopping at filesystem boundary (GIT_DISCOVERY_ACROSS_FILESYSTEM not set).
2024-07-10 15:15:35.012 [info] > git rev-parse --show-toplevel [2ms]
2024-07-10 15:15:35.012 [info] fatal: not a git repository (or any parent up to mount point /)
Stopping at filesystem boundary (GIT_DISCOVERY_ACROSS_FILESYSTEM not set).
2024-07-10 15:15:36.794 [info] > git rev-parse --show-toplevel [1ms]
2024-07-10 15:15:36.794 [info] fatal: not a git repository (or any parent up to mount point /)
Stopping at filesystem boundary (GIT_DISCOVERY_ACROSS_FILESYSTEM not set).
