2024-07-10 20:04:44.712 [info] Log level: Info
2024-07-10 20:04:44.712 [info] Validating found git in: "git"
2024-07-10 20:04:44.712 [info] Using git "2.45.2" from "git"
2024-07-10 20:04:44.712 [info] > git rev-parse --show-toplevel [3ms]
2024-07-10 20:04:44.712 [info] fatal: not a git repository (or any parent up to mount point /)
Stopping at filesystem boundary (GIT_DISCOVERY_ACROSS_FILESYSTEM not set).
2024-07-10 20:04:44.712 [info] > git rev-parse --show-toplevel [3ms]
2024-07-10 20:04:44.712 [info] fatal: not a git repository (or any parent up to mount point /)
Stopping at filesystem boundary (GIT_DISCOVERY_ACROSS_FILESYSTEM not set).
2024-07-10 20:04:44.713 [info] > git rev-parse --show-toplevel [1ms]
2024-07-10 20:04:44.713 [info] fatal: not a git repository (or any parent up to mount point /)
Stopping at filesystem boundary (GIT_DISCOVERY_ACROSS_FILESYSTEM not set).
2024-07-10 20:04:44.718 [info] > git rev-parse --show-toplevel [1ms]
2024-07-10 20:04:44.718 [info] fatal: not a git repository (or any parent up to mount point /)
Stopping at filesystem boundary (GIT_DISCOVERY_ACROSS_FILESYSTEM not set).
2024-07-10 20:04:44.750 [info] > git rev-parse --show-toplevel [28ms]
2024-07-10 20:04:44.750 [info] fatal: not a git repository (or any parent up to mount point /)
Stopping at filesystem boundary (GIT_DISCOVERY_ACROSS_FILESYSTEM not set).
2024-07-10 20:04:44.774 [info] > git rev-parse --show-toplevel [11ms]
2024-07-10 20:04:44.774 [info] fatal: not a git repository (or any parent up to mount point /)
Stopping at filesystem boundary (GIT_DISCOVERY_ACROSS_FILESYSTEM not set).
2024-07-10 20:04:44.779 [info] > git rev-parse --show-toplevel [1ms]
2024-07-10 20:04:44.780 [info] fatal: not a git repository (or any parent up to mount point /)
Stopping at filesystem boundary (GIT_DISCOVERY_ACROSS_FILESYSTEM not set).
2024-07-10 20:04:46.558 [info] > git rev-parse --show-toplevel [1ms]
2024-07-10 20:04:46.558 [info] fatal: not a git repository (or any parent up to mount point /)
Stopping at filesystem boundary (GIT_DISCOVERY_ACROSS_FILESYSTEM not set).
2024-07-10 20:04:56.456 [info] > git rev-parse --show-toplevel [6ms]
2024-07-10 20:04:56.456 [info] fatal: not a git repository (or any parent up to mount point /)
Stopping at filesystem boundary (GIT_DISCOVERY_ACROSS_FILESYSTEM not set).
2024-07-10 20:05:35.861 [info] > git rev-parse --show-toplevel [3ms]
2024-07-10 20:05:35.861 [info] fatal: not a git repository (or any parent up to mount point /)
Stopping at filesystem boundary (GIT_DISCOVERY_ACROSS_FILESYSTEM not set).
