2024-07-10 15:35:11.799 [info] Log level: Info
2024-07-10 15:35:11.799 [info] Validating found git in: "git"
2024-07-10 15:35:11.799 [info] Using git "2.45.2" from "git"
2024-07-10 15:35:11.799 [info] > git rev-parse --show-toplevel [4ms]
2024-07-10 15:35:11.799 [info] fatal: not a git repository (or any parent up to mount point /)
Stopping at filesystem boundary (GIT_DISCOVERY_ACROSS_FILESYSTEM not set).
2024-07-10 15:35:11.799 [info] > git rev-parse --show-toplevel [2ms]
2024-07-10 15:35:11.799 [info] fatal: not a git repository (or any parent up to mount point /)
Stopping at filesystem boundary (GIT_DISCOVERY_ACROSS_FILESYSTEM not set).
2024-07-10 15:35:11.801 [info] > git rev-parse --show-toplevel [2ms]
2024-07-10 15:35:11.801 [info] fatal: not a git repository (or any parent up to mount point /)
Stopping at filesystem boundary (GIT_DISCOVERY_ACROSS_FILESYSTEM not set).
2024-07-10 15:35:11.806 [info] > git rev-parse --show-toplevel [1ms]
2024-07-10 15:35:11.806 [info] fatal: not a git repository (or any parent up to mount point /)
Stopping at filesystem boundary (GIT_DISCOVERY_ACROSS_FILESYSTEM not set).
2024-07-10 15:35:11.812 [info] > git rev-parse --show-toplevel [1ms]
2024-07-10 15:35:11.812 [info] fatal: not a git repository (or any parent up to mount point /)
Stopping at filesystem boundary (GIT_DISCOVERY_ACROSS_FILESYSTEM not set).
2024-07-10 15:35:11.838 [info] > git rev-parse --show-toplevel [21ms]
2024-07-10 15:35:11.838 [info] fatal: not a git repository (or any parent up to mount point /)
Stopping at filesystem boundary (GIT_DISCOVERY_ACROSS_FILESYSTEM not set).
2024-07-10 15:35:11.869 [info] > git rev-parse --show-toplevel [1ms]
2024-07-10 15:35:11.869 [info] fatal: not a git repository (or any parent up to mount point /)
Stopping at filesystem boundary (GIT_DISCOVERY_ACROSS_FILESYSTEM not set).
2024-07-10 15:35:13.670 [info] > git rev-parse --show-toplevel [1ms]
2024-07-10 15:35:13.670 [info] fatal: not a git repository (or any parent up to mount point /)
Stopping at filesystem boundary (GIT_DISCOVERY_ACROSS_FILESYSTEM not set).
2024-07-10 15:37:51.802 [info] > git rev-parse --show-toplevel [1ms]
2024-07-10 15:37:51.802 [info] fatal: not a git repository (or any parent up to mount point /)
Stopping at filesystem boundary (GIT_DISCOVERY_ACROSS_FILESYSTEM not set).
