2024-07-10 20:49:32.786 [info] Extension host with pid 37218 started
2024-07-10 20:49:32.786 [info] Skipping acquiring lock for /home/leo/.config/Code - OSS/User/workspaceStorage/ec6790d71d690d394d4fb23e37b0cbeb.
2024-07-10 20:49:32.919 [info] ExtensionService#_doActivateExtension vscode.git-base, startup: true, activationEvent: '*', root cause: vscode.git
2024-07-10 20:49:32.920 [info] ExtensionService#_doActivateExtension vscode.npm, startup: true, activationEvent: 'workspaceContains:package.json'
2024-07-10 20:49:32.948 [info] ExtensionService#_doActivateExtension vscode.git, startup: true, activationEvent: '*'
2024-07-10 20:49:32.963 [info] ExtensionService#_doActivateExtension vscode.github, startup: true, activationEvent: '*'
2024-07-10 20:49:32.996 [info] Eager extensions activated
2024-07-10 20:49:33.022 [info] ExtensionService#_doActivateExtension vscode.debug-auto-launch, startup: false, activationEvent: 'onStartupFinished'
2024-07-10 20:49:33.023 [info] ExtensionService#_doActivateExtension vscode.merge-conflict, startup: false, activationEvent: 'onStartupFinished'
2024-07-10 20:49:33.027 [info] ExtensionService#_doActivateExtension dsznajder.es7-react-js-snippets, startup: false, activationEvent: 'onStartupFinished'
2024-07-10 20:49:33.155 [info] ExtensionService#_doActivateExtension esbenp.prettier-vscode, startup: false, activationEvent: 'onStartupFinished'
2024-07-10 20:49:33.174 [info] ExtensionService#_doActivateExtension PKief.material-icon-theme, startup: false, activationEvent: 'onStartupFinished'
2024-07-10 20:49:33.180 [info] ExtensionService#_doActivateExtension zhuangtongfa.material-theme, startup: false, activationEvent: 'onStartupFinished'
2024-07-10 20:51:35.872 [info] ExtensionService#_doActivateExtension vscode.emmet, startup: false, activationEvent: 'onLanguage'
2024-07-10 20:51:36.900 [error] Error: No such branch: master.
	at F.getBranch (/usr/lib/code/extensions/git/dist/main.js:2:935457)
	at async T.retryRun (/usr/lib/code/extensions/git/dist/main.js:2:1028070)
	at async T.run (/usr/lib/code/extensions/git/dist/main.js:2:1027674)
	at async T.getBranch (/usr/lib/code/extensions/git/dist/main.js:2:1016055)
	at async T.getBranchBase (/usr/lib/code/extensions/git/dist/main.js:2:1016341)
	at async t.GitHistoryProvider.resolveHEADMergeBase (/usr/lib/code/extensions/git/dist/main.js:2:945804)
	at async t.GitHistoryProvider.onDidRunGitStatus (/usr/lib/code/extensions/git/dist/main.js:2:940157)
2024-07-10 20:51:36.917 [error] Error: No such branch: master.
	at F.getBranch (/usr/lib/code/extensions/git/dist/main.js:2:935457)
	at async T.retryRun (/usr/lib/code/extensions/git/dist/main.js:2:1028070)
	at async T.run (/usr/lib/code/extensions/git/dist/main.js:2:1027674)
	at async T.getBranch (/usr/lib/code/extensions/git/dist/main.js:2:1016055)
	at async T.getBranchBase (/usr/lib/code/extensions/git/dist/main.js:2:1016341)
	at async t.GitHistoryProvider.resolveHEADMergeBase (/usr/lib/code/extensions/git/dist/main.js:2:945804)
	at async t.GitHistoryProvider.onDidRunGitStatus (/usr/lib/code/extensions/git/dist/main.js:2:940157)
2024-07-10 20:53:08.746 [error] Error: No such branch: master.
	at F.getBranch (/usr/lib/code/extensions/git/dist/main.js:2:935457)
	at async T.retryRun (/usr/lib/code/extensions/git/dist/main.js:2:1028070)
	at async T.run (/usr/lib/code/extensions/git/dist/main.js:2:1027674)
	at async T.getBranch (/usr/lib/code/extensions/git/dist/main.js:2:1016055)
	at async T.getBranchBase (/usr/lib/code/extensions/git/dist/main.js:2:1016341)
	at async t.GitHistoryProvider.resolveHEADMergeBase (/usr/lib/code/extensions/git/dist/main.js:2:945804)
	at async t.GitHistoryProvider.onDidRunGitStatus (/usr/lib/code/extensions/git/dist/main.js:2:940157)
2024-07-10 20:53:09.867 [info] ExtensionService#_doActivateExtension vscode.typescript-language-features, startup: false, activationEvent: 'onLanguage:javascript'
2024-07-10 20:53:13.764 [error] Error: No such branch: master.
	at F.getBranch (/usr/lib/code/extensions/git/dist/main.js:2:935457)
	at async T.retryRun (/usr/lib/code/extensions/git/dist/main.js:2:1028070)
	at async T.run (/usr/lib/code/extensions/git/dist/main.js:2:1027674)
	at async T.getBranch (/usr/lib/code/extensions/git/dist/main.js:2:1016055)
	at async T.getBranchBase (/usr/lib/code/extensions/git/dist/main.js:2:1016341)
	at async t.GitHistoryProvider.resolveHEADMergeBase (/usr/lib/code/extensions/git/dist/main.js:2:945804)
	at async t.GitHistoryProvider.onDidRunGitStatus (/usr/lib/code/extensions/git/dist/main.js:2:940157)
2024-07-10 20:54:16.141 [error] Error: No such branch: master.
	at F.getBranch (/usr/lib/code/extensions/git/dist/main.js:2:935457)
	at async T.retryRun (/usr/lib/code/extensions/git/dist/main.js:2:1028070)
	at async T.run (/usr/lib/code/extensions/git/dist/main.js:2:1027674)
	at async T.getBranch (/usr/lib/code/extensions/git/dist/main.js:2:1016055)
	at async T.getBranchBase (/usr/lib/code/extensions/git/dist/main.js:2:1016341)
	at async t.GitHistoryProvider.resolveHEADMergeBase (/usr/lib/code/extensions/git/dist/main.js:2:945804)
	at async t.GitHistoryProvider.onDidRunGitStatus (/usr/lib/code/extensions/git/dist/main.js:2:940157)
2024-07-10 21:03:54.163 [error] Error: No such branch: master.
	at F.getBranch (/usr/lib/code/extensions/git/dist/main.js:2:935457)
	at async T.retryRun (/usr/lib/code/extensions/git/dist/main.js:2:1028070)
	at async T.run (/usr/lib/code/extensions/git/dist/main.js:2:1027674)
	at async T.getBranch (/usr/lib/code/extensions/git/dist/main.js:2:1016055)
	at async T.getBranchBase (/usr/lib/code/extensions/git/dist/main.js:2:1016341)
	at async t.GitHistoryProvider.resolveHEADMergeBase (/usr/lib/code/extensions/git/dist/main.js:2:945804)
	at async t.GitHistoryProvider.onDidRunGitStatus (/usr/lib/code/extensions/git/dist/main.js:2:940157)
2024-07-10 21:04:22.001 [error] Error: No such branch: master.
	at F.getBranch (/usr/lib/code/extensions/git/dist/main.js:2:935457)
	at async T.retryRun (/usr/lib/code/extensions/git/dist/main.js:2:1028070)
	at async T.run (/usr/lib/code/extensions/git/dist/main.js:2:1027674)
	at async T.getBranch (/usr/lib/code/extensions/git/dist/main.js:2:1016055)
	at async T.getBranchBase (/usr/lib/code/extensions/git/dist/main.js:2:1016341)
	at async t.GitHistoryProvider.resolveHEADMergeBase (/usr/lib/code/extensions/git/dist/main.js:2:945804)
	at async t.GitHistoryProvider.onDidRunGitStatus (/usr/lib/code/extensions/git/dist/main.js:2:940157)
2024-07-10 21:04:58.949 [error] Error: No such branch: master.
	at F.getBranch (/usr/lib/code/extensions/git/dist/main.js:2:935457)
	at async T.retryRun (/usr/lib/code/extensions/git/dist/main.js:2:1028070)
	at async T.run (/usr/lib/code/extensions/git/dist/main.js:2:1027674)
	at async T.getBranch (/usr/lib/code/extensions/git/dist/main.js:2:1016055)
	at async T.getBranchBase (/usr/lib/code/extensions/git/dist/main.js:2:1016341)
	at async t.GitHistoryProvider.resolveHEADMergeBase (/usr/lib/code/extensions/git/dist/main.js:2:945804)
	at async t.GitHistoryProvider.onDidRunGitStatus (/usr/lib/code/extensions/git/dist/main.js:2:940157)
2024-07-10 21:05:12.403 [error] Error: No such branch: master.
	at F.getBranch (/usr/lib/code/extensions/git/dist/main.js:2:935457)
	at async T.retryRun (/usr/lib/code/extensions/git/dist/main.js:2:1028070)
	at async T.run (/usr/lib/code/extensions/git/dist/main.js:2:1027674)
	at async T.getBranch (/usr/lib/code/extensions/git/dist/main.js:2:1016055)
	at async T.getBranchBase (/usr/lib/code/extensions/git/dist/main.js:2:1016341)
	at async t.GitHistoryProvider.resolveHEADMergeBase (/usr/lib/code/extensions/git/dist/main.js:2:945804)
	at async t.GitHistoryProvider.onDidRunGitStatus (/usr/lib/code/extensions/git/dist/main.js:2:940157)
2024-07-10 21:05:51.024 [error] Error: No such branch: master.
	at F.getBranch (/usr/lib/code/extensions/git/dist/main.js:2:935457)
	at async T.retryRun (/usr/lib/code/extensions/git/dist/main.js:2:1028070)
	at async T.run (/usr/lib/code/extensions/git/dist/main.js:2:1027674)
	at async T.getBranch (/usr/lib/code/extensions/git/dist/main.js:2:1016055)
	at async T.getBranchBase (/usr/lib/code/extensions/git/dist/main.js:2:1016341)
	at async t.GitHistoryProvider.resolveHEADMergeBase (/usr/lib/code/extensions/git/dist/main.js:2:945804)
	at async t.GitHistoryProvider.onDidRunGitStatus (/usr/lib/code/extensions/git/dist/main.js:2:940157)
2024-07-10 21:06:04.574 [error] Error: No such branch: master.
	at F.getBranch (/usr/lib/code/extensions/git/dist/main.js:2:935457)
	at async T.retryRun (/usr/lib/code/extensions/git/dist/main.js:2:1028070)
	at async T.run (/usr/lib/code/extensions/git/dist/main.js:2:1027674)
	at async T.getBranch (/usr/lib/code/extensions/git/dist/main.js:2:1016055)
	at async T.getBranchBase (/usr/lib/code/extensions/git/dist/main.js:2:1016341)
	at async t.GitHistoryProvider.resolveHEADMergeBase (/usr/lib/code/extensions/git/dist/main.js:2:945804)
	at async t.GitHistoryProvider.onDidRunGitStatus (/usr/lib/code/extensions/git/dist/main.js:2:940157)
2024-07-10 21:06:10.966 [error] Error: No such branch: master.
	at F.getBranch (/usr/lib/code/extensions/git/dist/main.js:2:935457)
	at async T.retryRun (/usr/lib/code/extensions/git/dist/main.js:2:1028070)
	at async T.run (/usr/lib/code/extensions/git/dist/main.js:2:1027674)
	at async T.getBranch (/usr/lib/code/extensions/git/dist/main.js:2:1016055)
	at async T.getBranchBase (/usr/lib/code/extensions/git/dist/main.js:2:1016341)
	at async t.GitHistoryProvider.resolveHEADMergeBase (/usr/lib/code/extensions/git/dist/main.js:2:945804)
	at async t.GitHistoryProvider.onDidRunGitStatus (/usr/lib/code/extensions/git/dist/main.js:2:940157)
2024-07-10 21:06:15.985 [error] Error: No such branch: master.
	at F.getBranch (/usr/lib/code/extensions/git/dist/main.js:2:935457)
	at async T.retryRun (/usr/lib/code/extensions/git/dist/main.js:2:1028070)
	at async T.run (/usr/lib/code/extensions/git/dist/main.js:2:1027674)
	at async T.getBranch (/usr/lib/code/extensions/git/dist/main.js:2:1016055)
	at async T.getBranchBase (/usr/lib/code/extensions/git/dist/main.js:2:1016341)
	at async t.GitHistoryProvider.resolveHEADMergeBase (/usr/lib/code/extensions/git/dist/main.js:2:945804)
	at async t.GitHistoryProvider.onDidRunGitStatus (/usr/lib/code/extensions/git/dist/main.js:2:940157)
2024-07-10 21:06:34.659 [error] Error: No such branch: master.
	at F.getBranch (/usr/lib/code/extensions/git/dist/main.js:2:935457)
	at async T.retryRun (/usr/lib/code/extensions/git/dist/main.js:2:1028070)
	at async T.run (/usr/lib/code/extensions/git/dist/main.js:2:1027674)
	at async T.getBranch (/usr/lib/code/extensions/git/dist/main.js:2:1016055)
	at async T.getBranchBase (/usr/lib/code/extensions/git/dist/main.js:2:1016341)
	at async t.GitHistoryProvider.resolveHEADMergeBase (/usr/lib/code/extensions/git/dist/main.js:2:945804)
	at async t.GitHistoryProvider.onDidRunGitStatus (/usr/lib/code/extensions/git/dist/main.js:2:940157)
2024-07-10 21:06:44.398 [error] Error: No such branch: master.
	at F.getBranch (/usr/lib/code/extensions/git/dist/main.js:2:935457)
	at async T.retryRun (/usr/lib/code/extensions/git/dist/main.js:2:1028070)
	at async T.run (/usr/lib/code/extensions/git/dist/main.js:2:1027674)
	at async T.getBranch (/usr/lib/code/extensions/git/dist/main.js:2:1016055)
	at async T.getBranchBase (/usr/lib/code/extensions/git/dist/main.js:2:1016341)
	at async t.GitHistoryProvider.resolveHEADMergeBase (/usr/lib/code/extensions/git/dist/main.js:2:945804)
	at async t.GitHistoryProvider.onDidRunGitStatus (/usr/lib/code/extensions/git/dist/main.js:2:940157)
2024-07-10 21:07:02.434 [error] Error: No such branch: master.
	at F.getBranch (/usr/lib/code/extensions/git/dist/main.js:2:935457)
	at async T.retryRun (/usr/lib/code/extensions/git/dist/main.js:2:1028070)
	at async T.run (/usr/lib/code/extensions/git/dist/main.js:2:1027674)
	at async T.getBranch (/usr/lib/code/extensions/git/dist/main.js:2:1016055)
	at async T.getBranchBase (/usr/lib/code/extensions/git/dist/main.js:2:1016341)
	at async t.GitHistoryProvider.resolveHEADMergeBase (/usr/lib/code/extensions/git/dist/main.js:2:945804)
	at async t.GitHistoryProvider.onDidRunGitStatus (/usr/lib/code/extensions/git/dist/main.js:2:940157)
2024-07-10 21:07:15.459 [error] Error: No such branch: master.
	at F.getBranch (/usr/lib/code/extensions/git/dist/main.js:2:935457)
	at async T.retryRun (/usr/lib/code/extensions/git/dist/main.js:2:1028070)
	at async T.run (/usr/lib/code/extensions/git/dist/main.js:2:1027674)
	at async T.getBranch (/usr/lib/code/extensions/git/dist/main.js:2:1016055)
	at async T.getBranchBase (/usr/lib/code/extensions/git/dist/main.js:2:1016341)
	at async t.GitHistoryProvider.resolveHEADMergeBase (/usr/lib/code/extensions/git/dist/main.js:2:945804)
	at async t.GitHistoryProvider.onDidRunGitStatus (/usr/lib/code/extensions/git/dist/main.js:2:940157)
2024-07-10 21:07:22.729 [error] Error: No such branch: master.
	at F.getBranch (/usr/lib/code/extensions/git/dist/main.js:2:935457)
	at async T.retryRun (/usr/lib/code/extensions/git/dist/main.js:2:1028070)
	at async T.run (/usr/lib/code/extensions/git/dist/main.js:2:1027674)
	at async T.getBranch (/usr/lib/code/extensions/git/dist/main.js:2:1016055)
	at async T.getBranchBase (/usr/lib/code/extensions/git/dist/main.js:2:1016341)
	at async t.GitHistoryProvider.resolveHEADMergeBase (/usr/lib/code/extensions/git/dist/main.js:2:945804)
	at async t.GitHistoryProvider.onDidRunGitStatus (/usr/lib/code/extensions/git/dist/main.js:2:940157)
2024-07-10 21:07:35.939 [error] Error: No such branch: master.
	at F.getBranch (/usr/lib/code/extensions/git/dist/main.js:2:935457)
	at async T.retryRun (/usr/lib/code/extensions/git/dist/main.js:2:1028070)
	at async T.run (/usr/lib/code/extensions/git/dist/main.js:2:1027674)
	at async T.getBranch (/usr/lib/code/extensions/git/dist/main.js:2:1016055)
	at async T.getBranchBase (/usr/lib/code/extensions/git/dist/main.js:2:1016341)
	at async t.GitHistoryProvider.resolveHEADMergeBase (/usr/lib/code/extensions/git/dist/main.js:2:945804)
	at async t.GitHistoryProvider.onDidRunGitStatus (/usr/lib/code/extensions/git/dist/main.js:2:940157)
2024-07-10 21:07:57.272 [error] Error: No such branch: master.
	at F.getBranch (/usr/lib/code/extensions/git/dist/main.js:2:935457)
	at async T.retryRun (/usr/lib/code/extensions/git/dist/main.js:2:1028070)
	at async T.run (/usr/lib/code/extensions/git/dist/main.js:2:1027674)
	at async T.getBranch (/usr/lib/code/extensions/git/dist/main.js:2:1016055)
	at async T.getBranchBase (/usr/lib/code/extensions/git/dist/main.js:2:1016341)
	at async t.GitHistoryProvider.resolveHEADMergeBase (/usr/lib/code/extensions/git/dist/main.js:2:945804)
	at async t.GitHistoryProvider.onDidRunGitStatus (/usr/lib/code/extensions/git/dist/main.js:2:940157)
2024-07-10 21:08:11.057 [error] Error: No such branch: master.
	at F.getBranch (/usr/lib/code/extensions/git/dist/main.js:2:935457)
	at process.processTicksAndRejections (node:internal/process/task_queues:95:5)
	at async T.retryRun (/usr/lib/code/extensions/git/dist/main.js:2:1028070)
	at async T.run (/usr/lib/code/extensions/git/dist/main.js:2:1027674)
	at async T.getBranch (/usr/lib/code/extensions/git/dist/main.js:2:1016055)
	at async T.getBranchBase (/usr/lib/code/extensions/git/dist/main.js:2:1016341)
	at async t.GitHistoryProvider.resolveHEADMergeBase (/usr/lib/code/extensions/git/dist/main.js:2:945804)
	at async t.GitHistoryProvider.onDidRunGitStatus (/usr/lib/code/extensions/git/dist/main.js:2:940157)
2024-07-10 21:08:43.474 [error] Error: No such branch: master.
	at F.getBranch (/usr/lib/code/extensions/git/dist/main.js:2:935457)
	at async T.retryRun (/usr/lib/code/extensions/git/dist/main.js:2:1028070)
	at async T.run (/usr/lib/code/extensions/git/dist/main.js:2:1027674)
	at async T.getBranch (/usr/lib/code/extensions/git/dist/main.js:2:1016055)
	at async T.getBranchBase (/usr/lib/code/extensions/git/dist/main.js:2:1016341)
	at async t.GitHistoryProvider.resolveHEADMergeBase (/usr/lib/code/extensions/git/dist/main.js:2:945804)
	at async t.GitHistoryProvider.onDidRunGitStatus (/usr/lib/code/extensions/git/dist/main.js:2:940157)
2024-07-10 21:09:04.796 [error] Error: No such branch: master.
	at F.getBranch (/usr/lib/code/extensions/git/dist/main.js:2:935457)
	at async T.retryRun (/usr/lib/code/extensions/git/dist/main.js:2:1028070)
	at async T.run (/usr/lib/code/extensions/git/dist/main.js:2:1027674)
	at async T.getBranch (/usr/lib/code/extensions/git/dist/main.js:2:1016055)
	at async T.getBranchBase (/usr/lib/code/extensions/git/dist/main.js:2:1016341)
	at async t.GitHistoryProvider.resolveHEADMergeBase (/usr/lib/code/extensions/git/dist/main.js:2:945804)
	at async t.GitHistoryProvider.onDidRunGitStatus (/usr/lib/code/extensions/git/dist/main.js:2:940157)
2024-07-10 21:09:54.113 [error] Error: No such branch: master.
	at F.getBranch (/usr/lib/code/extensions/git/dist/main.js:2:935457)
	at async T.retryRun (/usr/lib/code/extensions/git/dist/main.js:2:1028070)
	at async T.run (/usr/lib/code/extensions/git/dist/main.js:2:1027674)
	at async T.getBranch (/usr/lib/code/extensions/git/dist/main.js:2:1016055)
	at async T.getBranchBase (/usr/lib/code/extensions/git/dist/main.js:2:1016341)
	at async t.GitHistoryProvider.resolveHEADMergeBase (/usr/lib/code/extensions/git/dist/main.js:2:945804)
	at async t.GitHistoryProvider.onDidRunGitStatus (/usr/lib/code/extensions/git/dist/main.js:2:940157)
2024-07-10 21:10:39.766 [error] Error: No such branch: master.
	at F.getBranch (/usr/lib/code/extensions/git/dist/main.js:2:935457)
	at async T.retryRun (/usr/lib/code/extensions/git/dist/main.js:2:1028070)
	at async T.run (/usr/lib/code/extensions/git/dist/main.js:2:1027674)
	at async T.getBranch (/usr/lib/code/extensions/git/dist/main.js:2:1016055)
	at async T.getBranchBase (/usr/lib/code/extensions/git/dist/main.js:2:1016341)
	at async t.GitHistoryProvider.resolveHEADMergeBase (/usr/lib/code/extensions/git/dist/main.js:2:945804)
	at async t.GitHistoryProvider.onDidRunGitStatus (/usr/lib/code/extensions/git/dist/main.js:2:940157)
2024-07-10 21:12:08.303 [error] Error: No such branch: master.
	at F.getBranch (/usr/lib/code/extensions/git/dist/main.js:2:935457)
	at async T.retryRun (/usr/lib/code/extensions/git/dist/main.js:2:1028070)
	at async T.run (/usr/lib/code/extensions/git/dist/main.js:2:1027674)
	at async T.getBranch (/usr/lib/code/extensions/git/dist/main.js:2:1016055)
	at async T.getBranchBase (/usr/lib/code/extensions/git/dist/main.js:2:1016341)
	at async t.GitHistoryProvider.resolveHEADMergeBase (/usr/lib/code/extensions/git/dist/main.js:2:945804)
	at async t.GitHistoryProvider.onDidRunGitStatus (/usr/lib/code/extensions/git/dist/main.js:2:940157)
2024-07-10 21:12:13.330 [error] Error: No such branch: master.
	at F.getBranch (/usr/lib/code/extensions/git/dist/main.js:2:935457)
	at async T.retryRun (/usr/lib/code/extensions/git/dist/main.js:2:1028070)
	at async T.run (/usr/lib/code/extensions/git/dist/main.js:2:1027674)
	at async T.getBranch (/usr/lib/code/extensions/git/dist/main.js:2:1016055)
	at async T.getBranchBase (/usr/lib/code/extensions/git/dist/main.js:2:1016341)
	at async t.GitHistoryProvider.resolveHEADMergeBase (/usr/lib/code/extensions/git/dist/main.js:2:945804)
	at async t.GitHistoryProvider.onDidRunGitStatus (/usr/lib/code/extensions/git/dist/main.js:2:940157)
2024-07-10 21:12:36.888 [error] Error: No such branch: master.
	at F.getBranch (/usr/lib/code/extensions/git/dist/main.js:2:935457)
	at async T.retryRun (/usr/lib/code/extensions/git/dist/main.js:2:1028070)
	at async T.run (/usr/lib/code/extensions/git/dist/main.js:2:1027674)
	at async T.getBranch (/usr/lib/code/extensions/git/dist/main.js:2:1016055)
	at async T.getBranchBase (/usr/lib/code/extensions/git/dist/main.js:2:1016341)
	at async t.GitHistoryProvider.resolveHEADMergeBase (/usr/lib/code/extensions/git/dist/main.js:2:945804)
	at async t.GitHistoryProvider.onDidRunGitStatus (/usr/lib/code/extensions/git/dist/main.js:2:940157)
2024-07-10 21:17:07.785 [error] Error: No such branch: master.
	at F.getBranch (/usr/lib/code/extensions/git/dist/main.js:2:935457)
	at async T.retryRun (/usr/lib/code/extensions/git/dist/main.js:2:1028070)
	at async T.run (/usr/lib/code/extensions/git/dist/main.js:2:1027674)
	at async T.getBranch (/usr/lib/code/extensions/git/dist/main.js:2:1016055)
	at async T.getBranchBase (/usr/lib/code/extensions/git/dist/main.js:2:1016341)
	at async t.GitHistoryProvider.resolveHEADMergeBase (/usr/lib/code/extensions/git/dist/main.js:2:945804)
	at async t.GitHistoryProvider.onDidRunGitStatus (/usr/lib/code/extensions/git/dist/main.js:2:940157)
2024-07-10 21:17:12.808 [error] Error: No such branch: master.
	at F.getBranch (/usr/lib/code/extensions/git/dist/main.js:2:935457)
	at async T.retryRun (/usr/lib/code/extensions/git/dist/main.js:2:1028070)
	at async T.run (/usr/lib/code/extensions/git/dist/main.js:2:1027674)
	at async T.getBranch (/usr/lib/code/extensions/git/dist/main.js:2:1016055)
	at async T.getBranchBase (/usr/lib/code/extensions/git/dist/main.js:2:1016341)
	at async t.GitHistoryProvider.resolveHEADMergeBase (/usr/lib/code/extensions/git/dist/main.js:2:945804)
	at async t.GitHistoryProvider.onDidRunGitStatus (/usr/lib/code/extensions/git/dist/main.js:2:940157)
2024-07-10 21:17:15.833 [info] ExtensionService#_doActivateExtension dbaeumer.vscode-eslint, startup: false, activationEvent: 'onStartupFinished'
2024-07-10 21:17:39.536 [error] Error: No such branch: master.
	at F.getBranch (/usr/lib/code/extensions/git/dist/main.js:2:935457)
	at async T.retryRun (/usr/lib/code/extensions/git/dist/main.js:2:1028070)
	at async T.run (/usr/lib/code/extensions/git/dist/main.js:2:1027674)
	at async T.getBranch (/usr/lib/code/extensions/git/dist/main.js:2:1016055)
	at async T.getBranchBase (/usr/lib/code/extensions/git/dist/main.js:2:1016341)
	at async t.GitHistoryProvider.resolveHEADMergeBase (/usr/lib/code/extensions/git/dist/main.js:2:945804)
	at async t.GitHistoryProvider.onDidRunGitStatus (/usr/lib/code/extensions/git/dist/main.js:2:940157)
2024-07-10 21:17:54.183 [info] Extension host terminating: renderer closed the MessagePort
2024-07-10 21:17:54.194 [error] Canceled: Canceled
	at new I (/usr/lib/code/out/vs/workbench/api/node/extensionHostProcess.js:144:34990)
	at S.U (/usr/lib/code/out/vs/workbench/api/node/extensionHostProcess.js:151:6023)
	at z.<computed>.F.charCodeAt.T.CharCode.DollarSign.z.<computed> (/usr/lib/code/out/vs/workbench/api/node/extensionHostProcess.js:151:3107)
	at f.g (/usr/lib/code/out/vs/workbench/api/node/extensionHostProcess.js:154:203861)
	at f.executeCommand (/usr/lib/code/out/vs/workbench/api/node/extensionHostProcess.js:154:203299)
	at A.registerCommand.description (/usr/lib/code/out/vs/workbench/api/node/extensionHostProcess.js:154:202623)
	at f.h (/usr/lib/code/out/vs/workbench/api/node/extensionHostProcess.js:154:204400)
	at f.g (/usr/lib/code/out/vs/workbench/api/node/extensionHostProcess.js:154:203392)
	at f.executeCommand (/usr/lib/code/out/vs/workbench/api/node/extensionHostProcess.js:154:203299)
	at Object.executeCommand (/usr/lib/code/out/vs/workbench/api/node/extensionHostProcess.js:164:23051)
	at n.O [as value] (/usr/lib/code/extensions/git/dist/main.js:2:949375)
	at r.B (/usr/lib/code/out/vs/workbench/api/node/extensionHostProcess.js:83:737)
	at r.C (/usr/lib/code/out/vs/workbench/api/node/extensionHostProcess.js:83:807)
	at r.fire (/usr/lib/code/out/vs/workbench/api/node/extensionHostProcess.js:83:1023)
	at Object.p [as dispose] (/usr/lib/code/extensions/git/dist/main.js:2:968579)
	at /usr/lib/code/extensions/git/dist/main.js:2:974617
	at Array.forEach (<anonymous>)
	at f.dispose (/usr/lib/code/extensions/git/dist/main.js:2:974603)
	at c.<anonymous> (/usr/lib/code/out/vs/workbench/api/node/extensionHostProcess.js:152:4048)
	at c.dispose (/usr/lib/code/out/vs/workbench/api/node/extensionHostProcess.js:152:4145)
	at c.<anonymous> (/usr/lib/code/extensions/git/dist/main.js:2:951632)
	at c.dispose (/usr/lib/code/out/vs/workbench/api/node/extensionHostProcess.js:152:4145)
	at d (/usr/lib/code/out/vs/workbench/api/node/extensionHostProcess.js:30:744)
	at m.eb (/usr/lib/code/out/vs/workbench/api/node/extensionHostProcess.js:160:10039)
	at /usr/lib/code/out/vs/workbench/api/node/extensionHostProcess.js:160:7915
	at Array.map (<anonymous>)
	at m.$ (/usr/lib/code/out/vs/workbench/api/node/extensionHostProcess.js:160:7902)
	at m.terminate (/usr/lib/code/out/vs/workbench/api/node/extensionHostProcess.js:160:8175)
	at d.terminate (/usr/lib/code/out/vs/workbench/api/node/extensionHostProcess.js:164:1513)
	at i (/usr/lib/code/out/vs/workbench/api/node/extensionHostProcess.js:177:10617)
	at MessagePortMain.<anonymous> (/usr/lib/code/out/vs/workbench/api/node/extensionHostProcess.js:177:6809)
	at MessagePortMain.emit (node:events:514:28)
	at MessagePortMain._internalPort.emit (node:electron/js2c/utility_init:2:2285) setContext undefined
2024-07-10 21:17:54.194 [error] Canceled: Canceled
	at new I (/usr/lib/code/out/vs/workbench/api/node/extensionHostProcess.js:144:34990)
	at S.U (/usr/lib/code/out/vs/workbench/api/node/extensionHostProcess.js:151:6023)
	at z.<computed>.F.charCodeAt.T.CharCode.DollarSign.z.<computed> (/usr/lib/code/out/vs/workbench/api/node/extensionHostProcess.js:151:3107)
	at f.g (/usr/lib/code/out/vs/workbench/api/node/extensionHostProcess.js:154:203861)
	at f.executeCommand (/usr/lib/code/out/vs/workbench/api/node/extensionHostProcess.js:154:203299)
	at A.registerCommand.description (/usr/lib/code/out/vs/workbench/api/node/extensionHostProcess.js:154:202623)
	at f.h (/usr/lib/code/out/vs/workbench/api/node/extensionHostProcess.js:154:204400)
	at f.g (/usr/lib/code/out/vs/workbench/api/node/extensionHostProcess.js:154:203392)
	at f.executeCommand (/usr/lib/code/out/vs/workbench/api/node/extensionHostProcess.js:154:203299)
	at Object.executeCommand (/usr/lib/code/out/vs/workbench/api/node/extensionHostProcess.js:164:23051)
	at set hasGitHubRepositories (/usr/lib/code/extensions/github/dist/extension.js:2:322969)
	at /usr/lib/code/extensions/github/dist/extension.js:2:323928
	at n.value (/usr/lib/code/extensions/git/dist/main.js:2:1055117)
	at r.B (/usr/lib/code/out/vs/workbench/api/node/extensionHostProcess.js:83:737)
	at r.C (/usr/lib/code/out/vs/workbench/api/node/extensionHostProcess.js:83:807)
	at r.fire (/usr/lib/code/out/vs/workbench/api/node/extensionHostProcess.js:83:1023)
	at Object.p [as dispose] (/usr/lib/code/extensions/git/dist/main.js:2:968579)
	at /usr/lib/code/extensions/git/dist/main.js:2:974617
	at Array.forEach (<anonymous>)
	at f.dispose (/usr/lib/code/extensions/git/dist/main.js:2:974603)
	at c.<anonymous> (/usr/lib/code/out/vs/workbench/api/node/extensionHostProcess.js:152:4048)
	at c.dispose (/usr/lib/code/out/vs/workbench/api/node/extensionHostProcess.js:152:4145)
	at c.<anonymous> (/usr/lib/code/extensions/git/dist/main.js:2:951632)
	at c.dispose (/usr/lib/code/out/vs/workbench/api/node/extensionHostProcess.js:152:4145)
	at d (/usr/lib/code/out/vs/workbench/api/node/extensionHostProcess.js:30:744)
	at m.eb (/usr/lib/code/out/vs/workbench/api/node/extensionHostProcess.js:160:10039)
	at /usr/lib/code/out/vs/workbench/api/node/extensionHostProcess.js:160:7915
	at Array.map (<anonymous>)
	at m.$ (/usr/lib/code/out/vs/workbench/api/node/extensionHostProcess.js:160:7902)
	at m.terminate (/usr/lib/code/out/vs/workbench/api/node/extensionHostProcess.js:160:8175)
	at d.terminate (/usr/lib/code/out/vs/workbench/api/node/extensionHostProcess.js:164:1513)
	at i (/usr/lib/code/out/vs/workbench/api/node/extensionHostProcess.js:177:10617)
	at MessagePortMain.<anonymous> (/usr/lib/code/out/vs/workbench/api/node/extensionHostProcess.js:177:6809)
	at MessagePortMain.emit (node:events:514:28)
	at MessagePortMain._internalPort.emit (node:electron/js2c/utility_init:2:2285) setContext undefined
2024-07-10 21:17:54.195 [info] Extension host with pid 37218 exiting with code 0
