2024-07-10 20:40:38.609 [info] Extension host with pid 35151 started
2024-07-10 20:40:38.609 [info] Skipping acquiring lock for /home/leo/.config/Code - OSS/User/workspaceStorage/219fc7f5925ed0dcfe74f7653ffdd92e.
2024-07-10 20:40:38.719 [info] ExtensionService#_doActivateExtension vscode.git-base, startup: true, activationEvent: '*'
2024-07-10 20:40:38.721 [info] ExtensionService#_doActivateExtension vscode.npm, startup: true, activationEvent: 'workspaceContains:package.json'
2024-07-10 20:40:38.745 [info] ExtensionService#_doActivateExtension vscode.github, startup: true, activationEvent: '*'
2024-07-10 20:40:38.753 [info] Eager extensions activated
2024-07-10 20:40:38.790 [info] ExtensionService#_doActivateExtension vscode.debug-auto-launch, startup: false, activationEvent: 'onStartupFinished'
2024-07-10 20:40:38.792 [info] ExtensionService#_doActivateExtension vscode.merge-conflict, startup: false, activationEvent: 'onStartupFinished'
2024-07-10 20:40:38.795 [info] ExtensionService#_doActivateExtension dsznajder.es7-react-js-snippets, startup: false, activationEvent: 'onStartupFinished'
2024-07-10 20:40:38.913 [info] ExtensionService#_doActivateExtension esbenp.prettier-vscode, startup: false, activationEvent: 'onStartupFinished'
2024-07-10 20:40:38.937 [info] ExtensionService#_doActivateExtension PKief.material-icon-theme, startup: false, activationEvent: 'onStartupFinished'
2024-07-10 20:40:38.944 [info] ExtensionService#_doActivateExtension zhuangtongfa.material-theme, startup: false, activationEvent: 'onStartupFinished'
2024-07-10 20:40:42.720 [info] ExtensionService#_doActivateExtension vscode.git, startup: false, activationEvent: 'api', root cause: vscode.github
2024-07-10 20:40:42.814 [info] ExtensionService#_doActivateExtension vscode.emmet, startup: false, activationEvent: 'onLanguage'
2024-07-10 20:40:43.847 [error] Error: No such branch: master.
	at F.getBranch (/usr/lib/code/extensions/git/dist/main.js:2:935457)
	at async T.retryRun (/usr/lib/code/extensions/git/dist/main.js:2:1028070)
	at async T.run (/usr/lib/code/extensions/git/dist/main.js:2:1027674)
	at async T.getBranch (/usr/lib/code/extensions/git/dist/main.js:2:1016055)
	at async T.getBranchBase (/usr/lib/code/extensions/git/dist/main.js:2:1016341)
	at async t.GitHistoryProvider.resolveHEADMergeBase (/usr/lib/code/extensions/git/dist/main.js:2:945804)
	at async t.GitHistoryProvider.onDidRunGitStatus (/usr/lib/code/extensions/git/dist/main.js:2:940157)
2024-07-10 20:40:43.872 [error] Error: No such branch: master.
	at F.getBranch (/usr/lib/code/extensions/git/dist/main.js:2:935457)
	at async T.retryRun (/usr/lib/code/extensions/git/dist/main.js:2:1028070)
	at async T.run (/usr/lib/code/extensions/git/dist/main.js:2:1027674)
	at async T.getBranch (/usr/lib/code/extensions/git/dist/main.js:2:1016055)
	at async T.getBranchBase (/usr/lib/code/extensions/git/dist/main.js:2:1016341)
	at async t.GitHistoryProvider.resolveHEADMergeBase (/usr/lib/code/extensions/git/dist/main.js:2:945804)
	at async t.GitHistoryProvider.onDidRunGitStatus (/usr/lib/code/extensions/git/dist/main.js:2:940157)
2024-07-10 20:41:13.426 [error] Error: No such branch: master.
	at F.getBranch (/usr/lib/code/extensions/git/dist/main.js:2:935457)
	at async T.retryRun (/usr/lib/code/extensions/git/dist/main.js:2:1028070)
	at async T.run (/usr/lib/code/extensions/git/dist/main.js:2:1027674)
	at async T.getBranch (/usr/lib/code/extensions/git/dist/main.js:2:1016055)
	at async T.getBranchBase (/usr/lib/code/extensions/git/dist/main.js:2:1016341)
	at async t.GitHistoryProvider.resolveHEADMergeBase (/usr/lib/code/extensions/git/dist/main.js:2:945804)
	at async t.GitHistoryProvider.onDidRunGitStatus (/usr/lib/code/extensions/git/dist/main.js:2:940157)
2024-07-10 20:41:31.528 [error] Error: No such branch: master.
	at F.getBranch (/usr/lib/code/extensions/git/dist/main.js:2:935457)
	at async T.retryRun (/usr/lib/code/extensions/git/dist/main.js:2:1028070)
	at async T.run (/usr/lib/code/extensions/git/dist/main.js:2:1027674)
	at async T.getBranch (/usr/lib/code/extensions/git/dist/main.js:2:1016055)
	at async T.getBranchBase (/usr/lib/code/extensions/git/dist/main.js:2:1016341)
	at async t.GitHistoryProvider.resolveHEADMergeBase (/usr/lib/code/extensions/git/dist/main.js:2:945804)
	at async t.GitHistoryProvider.onDidRunGitStatus (/usr/lib/code/extensions/git/dist/main.js:2:940157)
2024-07-10 20:43:16.409 [info] ExtensionService#_doActivateExtension vscode.typescript-language-features, startup: false, activationEvent: 'onLanguage:typescriptreact'
2024-07-10 20:43:27.417 [error] Error: No such branch: master.
	at F.getBranch (/usr/lib/code/extensions/git/dist/main.js:2:935457)
	at async T.retryRun (/usr/lib/code/extensions/git/dist/main.js:2:1028070)
	at async T.run (/usr/lib/code/extensions/git/dist/main.js:2:1027674)
	at async T.getBranch (/usr/lib/code/extensions/git/dist/main.js:2:1016055)
	at async T.getBranchBase (/usr/lib/code/extensions/git/dist/main.js:2:1016341)
	at async t.GitHistoryProvider.resolveHEADMergeBase (/usr/lib/code/extensions/git/dist/main.js:2:945804)
	at async t.GitHistoryProvider.onDidRunGitStatus (/usr/lib/code/extensions/git/dist/main.js:2:940157)
2024-07-10 20:48:41.903 [info] Extension host terminating: renderer closed the MessagePort
2024-07-10 20:48:41.910 [error] Canceled: Canceled
	at new I (/usr/lib/code/out/vs/workbench/api/node/extensionHostProcess.js:144:34990)
	at S.U (/usr/lib/code/out/vs/workbench/api/node/extensionHostProcess.js:151:6023)
	at z.<computed>.F.charCodeAt.T.CharCode.DollarSign.z.<computed> (/usr/lib/code/out/vs/workbench/api/node/extensionHostProcess.js:151:3107)
	at f.g (/usr/lib/code/out/vs/workbench/api/node/extensionHostProcess.js:154:203861)
	at f.executeCommand (/usr/lib/code/out/vs/workbench/api/node/extensionHostProcess.js:154:203299)
	at A.registerCommand.description (/usr/lib/code/out/vs/workbench/api/node/extensionHostProcess.js:154:202623)
	at f.h (/usr/lib/code/out/vs/workbench/api/node/extensionHostProcess.js:154:204400)
	at f.g (/usr/lib/code/out/vs/workbench/api/node/extensionHostProcess.js:154:203392)
	at f.executeCommand (/usr/lib/code/out/vs/workbench/api/node/extensionHostProcess.js:154:203299)
	at Object.executeCommand (/usr/lib/code/out/vs/workbench/api/node/extensionHostProcess.js:164:23051)
	at n.O [as value] (/usr/lib/code/extensions/git/dist/main.js:2:949375)
	at r.B (/usr/lib/code/out/vs/workbench/api/node/extensionHostProcess.js:83:737)
	at r.C (/usr/lib/code/out/vs/workbench/api/node/extensionHostProcess.js:83:807)
	at r.fire (/usr/lib/code/out/vs/workbench/api/node/extensionHostProcess.js:83:1023)
	at Object.p [as dispose] (/usr/lib/code/extensions/git/dist/main.js:2:968579)
	at /usr/lib/code/extensions/git/dist/main.js:2:974617
	at Array.forEach (<anonymous>)
	at f.dispose (/usr/lib/code/extensions/git/dist/main.js:2:974603)
	at c.<anonymous> (/usr/lib/code/out/vs/workbench/api/node/extensionHostProcess.js:152:4048)
	at c.dispose (/usr/lib/code/out/vs/workbench/api/node/extensionHostProcess.js:152:4145)
	at c.<anonymous> (/usr/lib/code/extensions/git/dist/main.js:2:951632)
	at c.dispose (/usr/lib/code/out/vs/workbench/api/node/extensionHostProcess.js:152:4145)
	at d (/usr/lib/code/out/vs/workbench/api/node/extensionHostProcess.js:30:744)
	at m.eb (/usr/lib/code/out/vs/workbench/api/node/extensionHostProcess.js:160:10039)
	at /usr/lib/code/out/vs/workbench/api/node/extensionHostProcess.js:160:7915
	at Array.map (<anonymous>)
	at m.$ (/usr/lib/code/out/vs/workbench/api/node/extensionHostProcess.js:160:7902)
	at m.terminate (/usr/lib/code/out/vs/workbench/api/node/extensionHostProcess.js:160:8175)
	at d.terminate (/usr/lib/code/out/vs/workbench/api/node/extensionHostProcess.js:164:1513)
	at i (/usr/lib/code/out/vs/workbench/api/node/extensionHostProcess.js:177:10617)
	at MessagePortMain.<anonymous> (/usr/lib/code/out/vs/workbench/api/node/extensionHostProcess.js:177:6809)
	at MessagePortMain.emit (node:events:514:28)
	at MessagePortMain._internalPort.emit (node:electron/js2c/utility_init:2:2285) setContext undefined
2024-07-10 20:48:41.911 [error] Canceled: Canceled
	at new I (/usr/lib/code/out/vs/workbench/api/node/extensionHostProcess.js:144:34990)
	at S.U (/usr/lib/code/out/vs/workbench/api/node/extensionHostProcess.js:151:6023)
	at z.<computed>.F.charCodeAt.T.CharCode.DollarSign.z.<computed> (/usr/lib/code/out/vs/workbench/api/node/extensionHostProcess.js:151:3107)
	at f.g (/usr/lib/code/out/vs/workbench/api/node/extensionHostProcess.js:154:203861)
	at f.executeCommand (/usr/lib/code/out/vs/workbench/api/node/extensionHostProcess.js:154:203299)
	at A.registerCommand.description (/usr/lib/code/out/vs/workbench/api/node/extensionHostProcess.js:154:202623)
	at f.h (/usr/lib/code/out/vs/workbench/api/node/extensionHostProcess.js:154:204400)
	at f.g (/usr/lib/code/out/vs/workbench/api/node/extensionHostProcess.js:154:203392)
	at f.executeCommand (/usr/lib/code/out/vs/workbench/api/node/extensionHostProcess.js:154:203299)
	at Object.executeCommand (/usr/lib/code/out/vs/workbench/api/node/extensionHostProcess.js:164:23051)
	at set hasGitHubRepositories (/usr/lib/code/extensions/github/dist/extension.js:2:322969)
	at /usr/lib/code/extensions/github/dist/extension.js:2:323928
	at n.value (/usr/lib/code/extensions/git/dist/main.js:2:1055117)
	at r.B (/usr/lib/code/out/vs/workbench/api/node/extensionHostProcess.js:83:737)
	at r.C (/usr/lib/code/out/vs/workbench/api/node/extensionHostProcess.js:83:807)
	at r.fire (/usr/lib/code/out/vs/workbench/api/node/extensionHostProcess.js:83:1023)
	at Object.p [as dispose] (/usr/lib/code/extensions/git/dist/main.js:2:968579)
	at /usr/lib/code/extensions/git/dist/main.js:2:974617
	at Array.forEach (<anonymous>)
	at f.dispose (/usr/lib/code/extensions/git/dist/main.js:2:974603)
	at c.<anonymous> (/usr/lib/code/out/vs/workbench/api/node/extensionHostProcess.js:152:4048)
	at c.dispose (/usr/lib/code/out/vs/workbench/api/node/extensionHostProcess.js:152:4145)
	at c.<anonymous> (/usr/lib/code/extensions/git/dist/main.js:2:951632)
	at c.dispose (/usr/lib/code/out/vs/workbench/api/node/extensionHostProcess.js:152:4145)
	at d (/usr/lib/code/out/vs/workbench/api/node/extensionHostProcess.js:30:744)
	at m.eb (/usr/lib/code/out/vs/workbench/api/node/extensionHostProcess.js:160:10039)
	at /usr/lib/code/out/vs/workbench/api/node/extensionHostProcess.js:160:7915
	at Array.map (<anonymous>)
	at m.$ (/usr/lib/code/out/vs/workbench/api/node/extensionHostProcess.js:160:7902)
	at m.terminate (/usr/lib/code/out/vs/workbench/api/node/extensionHostProcess.js:160:8175)
	at d.terminate (/usr/lib/code/out/vs/workbench/api/node/extensionHostProcess.js:164:1513)
	at i (/usr/lib/code/out/vs/workbench/api/node/extensionHostProcess.js:177:10617)
	at MessagePortMain.<anonymous> (/usr/lib/code/out/vs/workbench/api/node/extensionHostProcess.js:177:6809)
	at MessagePortMain.emit (node:events:514:28)
	at MessagePortMain._internalPort.emit (node:electron/js2c/utility_init:2:2285) setContext undefined
2024-07-10 20:48:41.911 [info] Extension host with pid 35151 exiting with code 0
