2024-07-10 20:04:55.137 [info] Getting Manifest... esbenp.prettier-vscode
2024-07-10 20:04:55.266 [info] Installing extension: esbenp.prettier-vscode {"isMachineScoped":false,"installPreReleaseVersion":false,"pinned":false,"profileLocation":{"$mid":1,"external":"vscode-userdata:/home/leo/.vscode-oss/extensions/extensions.json","path":"/home/leo/.vscode-oss/extensions/extensions.json","scheme":"vscode-userdata"},"installOnlyNewlyAddedFromExtensionPack":true,"isApplicationScoped":false,"productVersion":{"version":"1.91.0","date":"2024-07-03T20:40:42.797Z"}}
2024-07-10 20:04:56.336 [error] Could not load vsce-sign module Cannot find module '@vscode/vsce-sign'
Require stack:
- /usr/lib/code/out/bootstrap-amd.js
- /usr/lib/code/out/bootstrap-fork.js
2024-07-10 20:04:56.336 [info] Extension signature verification is not done: esbenp.prettier-vscode
2024-07-10 20:04:56.417 [info] Extracted extension to file:///home/leo/.vscode-oss/extensions/esbenp.prettier-vscode-10.4.0-universal: esbenp.prettier-vscode
2024-07-10 20:04:56.419 [info] Renamed to /home/leo/.vscode-oss/extensions/esbenp.prettier-vscode-10.4.0-universal
2024-07-10 20:04:56.427 [info] Extension installed successfully: esbenp.prettier-vscode vscode-userdata:/home/leo/.vscode-oss/extensions/extensions.json
2024-07-10 20:04:56.499 [error] [uncaught exception in sharedProcess]: Error: ENOENT: no such file or directory, stat '/home/leo/.vscode-oss/extensions/extensions.json.vsctmp': EntryNotFound (FileSystemError): Error: ENOENT: no such file or directory, stat '/home/leo/.vscode-oss/extensions/extensions.json.vsctmp'
    at h.create (/usr/lib/code/out/vs/code/node/sharedProcess/sharedProcessMain.js:54:19262)
    at f (/usr/lib/code/out/vs/code/node/sharedProcess/sharedProcessMain.js:54:19372)
    at P.hb (/usr/lib/code/out/vs/code/node/sharedProcess/sharedProcessMain.js:59:36571)
    at P.stat (/usr/lib/code/out/vs/code/node/sharedProcess/sharedProcessMain.js:59:28919)
    at async s.stat (/usr/lib/code/out/vs/code/node/sharedProcess/sharedProcessMain.js:59:14907)
    at async V.vb (/usr/lib/code/out/vs/code/node/sharedProcess/sharedProcessMain.js:105:119283)
2024-07-10 20:05:34.215 [info] Getting Manifest... dsznajder.es7-react-js-snippets
2024-07-10 20:05:34.358 [info] Installing extension: dsznajder.es7-react-js-snippets {"isMachineScoped":false,"installPreReleaseVersion":false,"pinned":false,"profileLocation":{"$mid":1,"external":"vscode-userdata:/home/leo/.vscode-oss/extensions/extensions.json","path":"/home/leo/.vscode-oss/extensions/extensions.json","scheme":"vscode-userdata"},"installOnlyNewlyAddedFromExtensionPack":true,"isApplicationScoped":false,"productVersion":{"version":"1.91.0","date":"2024-07-03T20:40:42.797Z"}}
2024-07-10 20:05:35.684 [error] Could not load vsce-sign module Cannot find module '@vscode/vsce-sign'
Require stack:
- /usr/lib/code/out/bootstrap-amd.js
- /usr/lib/code/out/bootstrap-fork.js
2024-07-10 20:05:35.684 [info] Extension signature verification is not done: dsznajder.es7-react-js-snippets
2024-07-10 20:05:35.823 [info] Extracted extension to file:///home/leo/.vscode-oss/extensions/dsznajder.es7-react-js-snippets-4.4.3-universal: dsznajder.es7-react-js-snippets
2024-07-10 20:05:35.825 [info] Renamed to /home/leo/.vscode-oss/extensions/dsznajder.es7-react-js-snippets-4.4.3-universal
2024-07-10 20:05:35.834 [info] Extension installed successfully: dsznajder.es7-react-js-snippets vscode-userdata:/home/leo/.vscode-oss/extensions/extensions.json
2024-07-10 20:05:35.866 [error] [uncaught exception in sharedProcess]: Error: ENOENT: no such file or directory, stat '/home/leo/.vscode-oss/extensions/extensions.json.vsctmp': EntryNotFound (FileSystemError): Error: ENOENT: no such file or directory, stat '/home/leo/.vscode-oss/extensions/extensions.json.vsctmp'
    at h.create (/usr/lib/code/out/vs/code/node/sharedProcess/sharedProcessMain.js:54:19262)
    at f (/usr/lib/code/out/vs/code/node/sharedProcess/sharedProcessMain.js:54:19372)
    at P.hb (/usr/lib/code/out/vs/code/node/sharedProcess/sharedProcessMain.js:59:36571)
    at P.stat (/usr/lib/code/out/vs/code/node/sharedProcess/sharedProcessMain.js:59:28919)
    at async s.stat (/usr/lib/code/out/vs/code/node/sharedProcess/sharedProcessMain.js:59:14907)
    at async V.vb (/usr/lib/code/out/vs/code/node/sharedProcess/sharedProcessMain.js:105:119283)
